  [1m[35m (5.2ms)[0m  [1m[35mCREATE DATABASE `ajax_app_rails7_development` DEFAULT CHARACTER SET `utf8mb4`[0m
  [1m[35m (1.2ms)[0m  [1m[35mCREATE DATABASE `ajax_app_rails7_test` DEFAULT CHARACTER SET `utf8mb4`[0m
  [1m[35m (66.3ms)[0m  [1m[35mCREATE TABLE `schema_migrations` (`version` varchar(255) NOT NULL PRIMARY KEY)[0m
  [1m[35m (27.6ms)[0m  [1m[35mCREATE TABLE `ar_internal_metadata` (`key` varchar(255) NOT NULL PRIMARY KEY, `value` varchar(255), `created_at` datetime(6) NOT NULL, `updated_at` datetime(6) NOT NULL)[0m
  [1m[35m (1.0ms)[0m  [1m[34mSELECT GET_LOCK('6239445868870334400', 0)[0m
  [1m[36mActiveRecord::SchemaMigration Pluck (5.9ms)[0m  [1m[34mSELECT `schema_migrations`.`version` FROM `schema_migrations` ORDER BY `schema_migrations`.`version` ASC[0m
Migrating to CreatePosts (20230602145100)
  [1m[35m (28.0ms)[0m  [1m[35mCREATE TABLE `posts` (`id` bigint NOT NULL AUTO_INCREMENT PRIMARY KEY, `content` text, `created_at` datetime(6) NOT NULL, `updated_at` datetime(6) NOT NULL)[0m
  [1m[36mTRANSACTION (0.4ms)[0m  [1m[35mBEGIN[0m
  [1m[36mActiveRecord::SchemaMigration Create (3.4ms)[0m  [1m[32mINSERT INTO `schema_migrations` (`version`) VALUES ('20230602145100')[0m
  [1m[36mTRANSACTION (0.8ms)[0m  [1m[35mCOMMIT[0m
  [1m[36mActiveRecord::InternalMetadata Load (3.1ms)[0m  [1m[34mSELECT `ar_internal_metadata`.* FROM `ar_internal_metadata` WHERE `ar_internal_metadata`.`key` = 'environment' LIMIT 1[0m
  [1m[36mTRANSACTION (0.2ms)[0m  [1m[35mBEGIN[0m
  [1m[36mActiveRecord::InternalMetadata Create (4.3ms)[0m  [1m[32mINSERT INTO `ar_internal_metadata` (`key`, `value`, `created_at`, `updated_at`) VALUES ('environment', 'development', '2024-05-19 05:37:32.007634', '2024-05-19 05:37:32.007634')[0m
  [1m[36mTRANSACTION (0.3ms)[0m  [1m[35mCOMMIT[0m
  [1m[35m (0.6ms)[0m  [1m[34mSELECT RELEASE_LOCK('6239445868870334400')[0m
  [1m[36mActiveRecord::SchemaMigration Pluck (0.5ms)[0m  [1m[34mSELECT `schema_migrations`.`version` FROM `schema_migrations` ORDER BY `schema_migrations`.`version` ASC[0m
Started GET "/" for ::1 at 2024-06-01 14:39:03 +0900
  [1m[36mActiveRecord::SchemaMigration Pluck (1.3ms)[0m  [1m[34mSELECT `schema_migrations`.`version` FROM `schema_migrations` ORDER BY `schema_migrations`.`version` ASC[0m
Processing by PostsController#index as HTML
  Rendering layout layouts/application.html.erb
  Rendering posts/index.html.erb within layouts/application
  Rendered posts/index.html.erb within layouts/application (Duration: 1.2ms | Allocations: 423)
  Rendered layout layouts/application.html.erb (Duration: 282.0ms | Allocations: 91943)
Completed 200 OK in 319ms (Views: 286.1ms | ActiveRecord: 14.6ms | Allocations: 100045)


Started GET "/" for ::1 at 2024-06-01 15:31:12 +0900
  [1m[36mActiveRecord::SchemaMigration Pluck (6.2ms)[0m  [1m[34mSELECT `schema_migrations`.`version` FROM `schema_migrations` ORDER BY `schema_migrations`.`version` ASC[0m
Processing by PostsController#index as HTML
  Rendering layout layouts/application.html.erb
  Rendering posts/index.html.erb within layouts/application
  Rendered posts/index.html.erb within layouts/application (Duration: 0.6ms | Allocations: 279)
  Rendered layout layouts/application.html.erb (Duration: 42.3ms | Allocations: 35772)
Completed 200 OK in 52ms (Views: 44.5ms | ActiveRecord: 0.8ms | Allocations: 40835)


Started GET "/" for ::1 at 2024-06-01 15:31:18 +0900
Processing by PostsController#index as HTML
  Rendering layout layouts/application.html.erb
  Rendering posts/index.html.erb within layouts/application
  Rendered posts/index.html.erb within layouts/application (Duration: 0.0ms | Allocations: 7)
  Rendered layout layouts/application.html.erb (Duration: 18.8ms | Allocations: 2429)
Completed 200 OK in 20ms (Views: 19.4ms | ActiveRecord: 0.0ms | Allocations: 2735)


Started GET "/" for ::1 at 2024-06-01 15:31:21 +0900
Processing by PostsController#index as HTML
  Rendering layout layouts/application.html.erb
  Rendering posts/index.html.erb within layouts/application
  Rendered posts/index.html.erb within layouts/application (Duration: 0.0ms | Allocations: 7)
  Rendered layout layouts/application.html.erb (Duration: 8.1ms | Allocations: 2429)
Completed 200 OK in 10ms (Views: 9.1ms | ActiveRecord: 0.0ms | Allocations: 2732)


Started GET "/" for ::1 at 2024-06-01 15:31:23 +0900
Processing by PostsController#index as HTML
  Rendering layout layouts/application.html.erb
  Rendering posts/index.html.erb within layouts/application
  Rendered posts/index.html.erb within layouts/application (Duration: 0.1ms | Allocations: 7)
  Rendered layout layouts/application.html.erb (Duration: 8.2ms | Allocations: 2427)
Completed 200 OK in 11ms (Views: 9.1ms | ActiveRecord: 0.0ms | Allocations: 2731)


Started GET "/" for ::1 at 2024-06-01 15:39:13 +0900
  [1m[36mActiveRecord::SchemaMigration Pluck (5.1ms)[0m  [1m[34mSELECT `schema_migrations`.`version` FROM `schema_migrations` ORDER BY `schema_migrations`.`version` ASC[0m
Processing by PostsController#index as HTML
  Rendering layout layouts/application.html.erb
  Rendering posts/index.html.erb within layouts/application
  [1m[36mPost Load (6.2ms)[0m  [1m[34mSELECT `posts`.* FROM `posts` ORDER BY `posts`.`id` DESC[0m
  ↳ app/views/posts/index.html.erb:7
  Rendered posts/index.html.erb within layouts/application (Duration: 23.5ms | Allocations: 8797)
  Rendered layout layouts/application.html.erb (Duration: 23.6ms | Allocations: 8899)
Completed 500 Internal Server Error in 33ms (ActiveRecord: 8.7ms | Allocations: 13907)


  
ActionView::Template::Error (undefined method `checked' for #<Post id: 44, content: "hello", created_at: "2024-06-01 06:26:40.567197000 +0000", updated_at: "2024-06-01 06:26:40.567197000 +0000">):
     5: <% end %>
     6: 
     7: <% @posts.each do |post| %>
     8: <div class="post" data-id=<%= post.id %> data-check=<%= post.checked %>>
     9:   <div class="post-date">
    10:     投稿日時：<%= post.created_at %>
    11:   </div>
  
app/views/posts/index.html.erb:8
app/views/posts/index.html.erb:7
Started GET "/" for ::1 at 2024-06-01 15:40:24 +0900
Processing by PostsController#index as HTML
  Rendering layout layouts/application.html.erb
  Rendering posts/index.html.erb within layouts/application
  [1m[36mPost Load (30.0ms)[0m  [1m[34mSELECT `posts`.* FROM `posts` ORDER BY `posts`.`id` DESC[0m
  ↳ app/views/posts/index.html.erb:7
  Rendered posts/index.html.erb within layouts/application (Duration: 42.5ms | Allocations: 3085)
  Rendered layout layouts/application.html.erb (Duration: 120.0ms | Allocations: 44284)
Completed 200 OK in 145ms (Views: 97.0ms | ActiveRecord: 30.0ms | Allocations: 45189)


Started POST "/posts" for ::1 at 2024-06-01 15:40:29 +0900
Processing by PostsController#create as */*
  Parameters: {"authenticity_token"=>"[FILTERED]", "content"=>"test"}
  [1m[36mTRANSACTION (0.1ms)[0m  [1m[35mBEGIN[0m
  ↳ app/controllers/posts_controller.rb:10:in `create'
  [1m[36mPost Create (10.7ms)[0m  [1m[32mINSERT INTO `posts` (`content`, `created_at`, `updated_at`) VALUES ('test', '2024-06-01 06:40:29.120956', '2024-06-01 06:40:29.120956')[0m
  ↳ app/controllers/posts_controller.rb:10:in `create'
  [1m[36mTRANSACTION (1.0ms)[0m  [1m[35mCOMMIT[0m
  ↳ app/controllers/posts_controller.rb:10:in `create'
Completed 200 OK in 20ms (Views: 0.5ms | ActiveRecord: 11.9ms | Allocations: 3460)


Started GET "/" for ::1 at 2024-06-01 15:40:34 +0900
Processing by PostsController#index as HTML
  Rendering layout layouts/application.html.erb
  Rendering posts/index.html.erb within layouts/application
  [1m[36mPost Load (0.7ms)[0m  [1m[34mSELECT `posts`.* FROM `posts` ORDER BY `posts`.`id` DESC[0m
  ↳ app/views/posts/index.html.erb:7
  Rendered posts/index.html.erb within layouts/application (Duration: 7.0ms | Allocations: 2793)
  Rendered layout layouts/application.html.erb (Duration: 12.5ms | Allocations: 4954)
Completed 200 OK in 14ms (Views: 12.5ms | ActiveRecord: 0.7ms | Allocations: 5263)


Started POST "/posts" for ::1 at 2024-06-01 15:40:50 +0900
Processing by PostsController#create as */*
  Parameters: {"authenticity_token"=>"[FILTERED]", "content"=>"hello"}
  [1m[36mTRANSACTION (0.4ms)[0m  [1m[35mBEGIN[0m
  ↳ app/controllers/posts_controller.rb:10:in `create'
  [1m[36mPost Create (1.7ms)[0m  [1m[32mINSERT INTO `posts` (`content`, `created_at`, `updated_at`) VALUES ('hello', '2024-06-01 06:40:50.933969', '2024-06-01 06:40:50.933969')[0m
  ↳ app/controllers/posts_controller.rb:10:in `create'
  [1m[36mTRANSACTION (0.6ms)[0m  [1m[35mCOMMIT[0m
  ↳ app/controllers/posts_controller.rb:10:in `create'
Completed 200 OK in 15ms (Views: 0.7ms | ActiveRecord: 2.6ms | Allocations: 2360)


Started GET "/" for ::1 at 2024-06-01 15:42:41 +0900
Processing by PostsController#index as HTML
  Rendering layout layouts/application.html.erb
  Rendering posts/index.html.erb within layouts/application
  [1m[36mPost Load (1.7ms)[0m  [1m[34mSELECT `posts`.* FROM `posts` ORDER BY `posts`.`id` DESC[0m
  ↳ app/views/posts/index.html.erb:10
  Rendered posts/index.html.erb within layouts/application (Duration: 17.6ms | Allocations: 3123)
  Rendered layout layouts/application.html.erb (Duration: 25.0ms | Allocations: 5587)
Completed 200 OK in 33ms (Views: 27.5ms | ActiveRecord: 1.7ms | Allocations: 6442)


Started POST "/posts" for ::1 at 2024-06-01 15:42:43 +0900
Processing by PostsController#create as */*
  Parameters: {"authenticity_token"=>"[FILTERED]", "content"=>"test"}
  [1m[36mTRANSACTION (0.2ms)[0m  [1m[35mBEGIN[0m
  ↳ app/controllers/posts_controller.rb:10:in `create'
  [1m[36mPost Create (1.2ms)[0m  [1m[32mINSERT INTO `posts` (`content`, `created_at`, `updated_at`) VALUES ('test', '2024-06-01 06:42:43.854779', '2024-06-01 06:42:43.854779')[0m
  ↳ app/controllers/posts_controller.rb:10:in `create'
  [1m[36mTRANSACTION (1.0ms)[0m  [1m[35mCOMMIT[0m
  ↳ app/controllers/posts_controller.rb:10:in `create'
Completed 200 OK in 12ms (Views: 0.6ms | ActiveRecord: 2.5ms | Allocations: 2352)


Started POST "/posts" for ::1 at 2024-06-01 15:42:55 +0900
Processing by PostsController#create as */*
  Parameters: {"authenticity_token"=>"[FILTERED]", "content"=>"thank you"}
  [1m[36mTRANSACTION (0.3ms)[0m  [1m[35mBEGIN[0m
  ↳ app/controllers/posts_controller.rb:10:in `create'
  [1m[36mPost Create (1.3ms)[0m  [1m[32mINSERT INTO `posts` (`content`, `created_at`, `updated_at`) VALUES ('thank you', '2024-06-01 06:42:55.432531', '2024-06-01 06:42:55.432531')[0m
  ↳ app/controllers/posts_controller.rb:10:in `create'
  [1m[36mTRANSACTION (0.7ms)[0m  [1m[35mCOMMIT[0m
  ↳ app/controllers/posts_controller.rb:10:in `create'
Completed 200 OK in 12ms (Views: 0.5ms | ActiveRecord: 2.3ms | Allocations: 2372)


Started GET "/" for ::1 at 2024-06-01 15:43:13 +0900
Processing by PostsController#index as HTML
  Rendering layout layouts/application.html.erb
  Rendering posts/index.html.erb within layouts/application
  [1m[36mPost Load (1.1ms)[0m  [1m[34mSELECT `posts`.* FROM `posts` ORDER BY `posts`.`id` DESC[0m
  ↳ app/views/posts/index.html.erb:10
  Rendered posts/index.html.erb within layouts/application (Duration: 7.0ms | Allocations: 2875)
  Rendered layout layouts/application.html.erb (Duration: 14.4ms | Allocations: 5037)
Completed 200 OK in 18ms (Views: 14.5ms | ActiveRecord: 1.1ms | Allocations: 5344)


Started POST "/posts" for ::1 at 2024-06-01 15:47:27 +0900
Processing by PostsController#create as */*
  Parameters: {"authenticity_token"=>"[FILTERED]", "content"=>"test"}
  [1m[36mTRANSACTION (0.5ms)[0m  [1m[35mBEGIN[0m
  ↳ app/controllers/posts_controller.rb:10:in `create'
  [1m[36mPost Create (1.6ms)[0m  [1m[32mINSERT INTO `posts` (`content`, `created_at`, `updated_at`) VALUES ('test', '2024-06-01 06:47:27.399789', '2024-06-01 06:47:27.399789')[0m
  ↳ app/controllers/posts_controller.rb:10:in `create'
  [1m[36mTRANSACTION (0.5ms)[0m  [1m[35mCOMMIT[0m
  ↳ app/controllers/posts_controller.rb:10:in `create'
Completed 200 OK in 26ms (Views: 2.7ms | ActiveRecord: 2.6ms | Allocations: 2366)


Started GET "/" for ::1 at 2024-06-03 06:20:08 +0900
  [1m[36mActiveRecord::SchemaMigration Pluck (0.9ms)[0m  [1m[34mSELECT `schema_migrations`.`version` FROM `schema_migrations` ORDER BY `schema_migrations`.`version` ASC[0m
  
NoMethodError (undefined method `befroe_action' for ApplicationController:Class):
  
app/controllers/application_controller.rb:3:in `<class:ApplicationController>'
app/controllers/application_controller.rb:1:in `<main>'
app/controllers/posts_controller.rb:1:in `<main>'
Started GET "/" for ::1 at 2024-06-03 06:20:12 +0900
  
NoMethodError (undefined method `befroe_action' for ApplicationController:Class):
  
app/controllers/application_controller.rb:3:in `<class:ApplicationController>'
app/controllers/application_controller.rb:1:in `<main>'
app/controllers/posts_controller.rb:1:in `<main>'
Started GET "/" for ::1 at 2024-06-03 06:20:27 +0900
Processing by PostsController#index as HTML
Filter chain halted as :basic_auth rendered or redirected
Completed 401 Unauthorized in 2ms (ActiveRecord: 0.0ms | Allocations: 1271)


Started GET "/" for ::1 at 2024-06-03 06:20:34 +0900
Processing by PostsController#index as HTML
Filter chain halted as :basic_auth rendered or redirected
Completed 401 Unauthorized in 1ms (ActiveRecord: 0.0ms | Allocations: 106)


Started GET "/" for ::1 at 2024-06-03 06:20:48 +0900
Processing by PostsController#index as HTML
Filter chain halted as :basic_auth rendered or redirected
Completed 401 Unauthorized in 1ms (ActiveRecord: 0.0ms | Allocations: 93)


Started GET "/" for ::1 at 2024-06-03 06:21:14 +0900
Processing by PostsController#index as HTML
  Rendering layout layouts/application.html.erb
  Rendering posts/index.html.erb within layouts/application
  [1m[36mPost Load (5.6ms)[0m  [1m[34mSELECT `posts`.* FROM `posts` ORDER BY `posts`.`id` DESC[0m
  ↳ app/views/posts/index.html.erb:10
  Rendered posts/index.html.erb within layouts/application (Duration: 15.4ms | Allocations: 6906)
  Rendered layout layouts/application.html.erb (Duration: 55.8ms | Allocations: 42066)
Completed 200 OK in 104ms (Views: 50.9ms | ActiveRecord: 32.1ms | Allocations: 49825)


Started GET "/" for ::1 at 2024-06-03 06:34:22 +0900
  [1m[36mActiveRecord::SchemaMigration Pluck (0.3ms)[0m  [1m[34mSELECT `schema_migrations`.`version` FROM `schema_migrations` ORDER BY `schema_migrations`.`version` ASC[0m
Processing by PostsController#index as HTML
  Rendering layout layouts/application.html.erb
  Rendering posts/index.html.erb within layouts/application
  [1m[36mPost Load (0.6ms)[0m  [1m[34mSELECT `posts`.* FROM `posts` ORDER BY `posts`.`id` DESC[0m
  ↳ app/views/posts/index.html.erb:10
  Rendered posts/index.html.erb within layouts/application (Duration: 11.1ms | Allocations: 7426)
  Rendered layout layouts/application.html.erb (Duration: 36.9ms | Allocations: 42577)
Completed 200 OK in 47ms (Views: 37.1ms | ActiveRecord: 3.0ms | Allocations: 47692)


Started GET "/" for ::1 at 2024-06-03 06:34:24 +0900
Processing by PostsController#index as HTML
  Rendering layout layouts/application.html.erb
  Rendering posts/index.html.erb within layouts/application
  [1m[36mPost Load (0.7ms)[0m  [1m[34mSELECT `posts`.* FROM `posts` ORDER BY `posts`.`id` DESC[0m
  ↳ app/views/posts/index.html.erb:10
  Rendered posts/index.html.erb within layouts/application (Duration: 25.4ms | Allocations: 2892)
  Rendered layout layouts/application.html.erb (Duration: 30.0ms | Allocations: 5090)
Completed 200 OK in 33ms (Views: 29.9ms | ActiveRecord: 0.7ms | Allocations: 5418)


Started POST "/posts" for ::1 at 2024-06-03 06:34:39 +0900
Processing by PostsController#create as */*
  Parameters: {"authenticity_token"=>"[FILTERED]", "content"=>"happy"}
  [1m[36mTRANSACTION (0.3ms)[0m  [1m[35mBEGIN[0m
  ↳ app/controllers/posts_controller.rb:10:in `create'
  [1m[36mPost Create (4.4ms)[0m  [1m[32mINSERT INTO `posts` (`content`, `created_at`, `updated_at`) VALUES ('happy', '2024-06-02 21:34:39.397452', '2024-06-02 21:34:39.397452')[0m
  ↳ app/controllers/posts_controller.rb:10:in `create'
  [1m[36mTRANSACTION (1.2ms)[0m  [1m[35mCOMMIT[0m
  ↳ app/controllers/posts_controller.rb:10:in `create'
Completed 200 OK in 15ms (Views: 0.6ms | ActiveRecord: 5.9ms | Allocations: 3520)


Started GET "/" for ::1 at 2024-06-03 06:34:44 +0900
Processing by PostsController#index as HTML
  Rendering layout layouts/application.html.erb
  Rendering posts/index.html.erb within layouts/application
  [1m[36mPost Load (0.9ms)[0m  [1m[34mSELECT `posts`.* FROM `posts` ORDER BY `posts`.`id` DESC[0m
  ↳ app/views/posts/index.html.erb:10
  Rendered posts/index.html.erb within layouts/application (Duration: 9.1ms | Allocations: 2922)
  Rendered layout layouts/application.html.erb (Duration: 15.3ms | Allocations: 5098)
Completed 200 OK in 18ms (Views: 15.1ms | ActiveRecord: 0.9ms | Allocations: 5426)


Started GET "/" for ::1 at 2024-06-03 06:35:40 +0900
Processing by PostsController#index as HTML
Filter chain halted as :basic_auth rendered or redirected
Completed 401 Unauthorized in 1ms (ActiveRecord: 0.0ms | Allocations: 98)


Started GET "/" for ::1 at 2024-06-03 06:35:41 +0900
Processing by PostsController#index as HTML
Filter chain halted as :basic_auth rendered or redirected
Completed 401 Unauthorized in 1ms (ActiveRecord: 0.0ms | Allocations: 79)


Started GET "/" for ::1 at 2024-06-03 06:35:45 +0900
Processing by PostsController#index as HTML
  Rendering layout layouts/application.html.erb
  Rendering posts/index.html.erb within layouts/application
  [1m[36mPost Load (0.8ms)[0m  [1m[34mSELECT `posts`.* FROM `posts` ORDER BY `posts`.`id` DESC[0m
  ↳ app/views/posts/index.html.erb:10
  Rendered posts/index.html.erb within layouts/application (Duration: 10.7ms | Allocations: 2751)
  Rendered layout layouts/application.html.erb (Duration: 17.5ms | Allocations: 4911)
Completed 200 OK in 20ms (Views: 17.6ms | ActiveRecord: 0.8ms | Allocations: 5229)


